
*** Running vivado
    with args -log embsys_axi_gpio_2_0.vds -m64 -product Vivado -mode batch -messageDb vivado.pb -notrace -source embsys_axi_gpio_2_0.tcl



****** Vivado v2022.2 (64-bit)
  **** SW Build 3671981 on Fri Oct 14 05:00:03 MDT 2022
  **** IP Build 3669848 on Fri Oct 14 08:30:02 MDT 2022
    ** Copyright 1986-2022 Xilinx, Inc. All Rights Reserved.

source embsys_axi_gpio_2_0.tcl -notrace
create_project: Time (s): cpu = 00:00:09 ; elapsed = 00:00:19 . Memory (MB): peak = 1003.027 ; gain = 118.965
INFO: [IP_Flow 19-234] Refreshing IP repositories
INFO: [IP_Flow 19-1700] Loaded user IP repository 'e:/EMBEDDED_DESIGN/PROJECT_1_DELIVERABLES/ece544w24_proj1_release_1_0/IP/ece544ip_w24'.
INFO: [IP_Flow 19-2313] Loaded Vivado IP repository 'F:/Vivado/2022.2/data/ip'.
INFO: [IP_Flow 19-6924] IPCACHE: Running cache check for IP inst: embsys_axi_gpio_2_0
INFO: [IP_Flow 19-6922] IPCACHE: Exporting cached entry 741cdffd1c16ac2b to dir: E:/EMBEDDED_DESIGN/PID_CONTROL_PROJ1/TEST1_VIVADO/project_1/project_1.runs/embsys_axi_gpio_2_0_synth_1
INFO: [IP_Flow 19-6928] IPCACHE: copied cached file e:/EMBEDDED_DESIGN/PID_CONTROL_PROJ1/TEST1_VIVADO/project_1/project_1.cache/ip/2022.2/7/4/741cdffd1c16ac2b/embsys_axi_gpio_2_0.dcp to E:/EMBEDDED_DESIGN/PID_CONTROL_PROJ1/TEST1_VIVADO/project_1/project_1.runs/embsys_axi_gpio_2_0_synth_1/embsys_axi_gpio_2_0.dcp.
INFO: [IP_Flow 19-6928] IPCACHE: copied cached file e:/EMBEDDED_DESIGN/PID_CONTROL_PROJ1/TEST1_VIVADO/project_1/project_1.cache/ip/2022.2/7/4/741cdffd1c16ac2b/embsys_axi_gpio_2_0_sim_netlist.v to E:/EMBEDDED_DESIGN/PID_CONTROL_PROJ1/TEST1_VIVADO/project_1/project_1.runs/embsys_axi_gpio_2_0_synth_1/embsys_axi_gpio_2_0_sim_netlist.v.
INFO: [IP_Flow 19-6928] IPCACHE: copied cached file e:/EMBEDDED_DESIGN/PID_CONTROL_PROJ1/TEST1_VIVADO/project_1/project_1.cache/ip/2022.2/7/4/741cdffd1c16ac2b/embsys_axi_gpio_2_0_sim_netlist.vhdl to E:/EMBEDDED_DESIGN/PID_CONTROL_PROJ1/TEST1_VIVADO/project_1/project_1.runs/embsys_axi_gpio_2_0_synth_1/embsys_axi_gpio_2_0_sim_netlist.vhdl.
INFO: [IP_Flow 19-6928] IPCACHE: copied cached file e:/EMBEDDED_DESIGN/PID_CONTROL_PROJ1/TEST1_VIVADO/project_1/project_1.cache/ip/2022.2/7/4/741cdffd1c16ac2b/embsys_axi_gpio_2_0_stub.v to E:/EMBEDDED_DESIGN/PID_CONTROL_PROJ1/TEST1_VIVADO/project_1/project_1.runs/embsys_axi_gpio_2_0_synth_1/embsys_axi_gpio_2_0_stub.v.
INFO: [IP_Flow 19-6928] IPCACHE: copied cached file e:/EMBEDDED_DESIGN/PID_CONTROL_PROJ1/TEST1_VIVADO/project_1/project_1.cache/ip/2022.2/7/4/741cdffd1c16ac2b/embsys_axi_gpio_2_0_stub.vhdl to E:/EMBEDDED_DESIGN/PID_CONTROL_PROJ1/TEST1_VIVADO/project_1/project_1.runs/embsys_axi_gpio_2_0_synth_1/embsys_axi_gpio_2_0_stub.vhdl.
INFO: [IP_Flow 19-4838] Using cached IP synthesis design for IP embsys_axi_gpio_2_0, cache-ID = 741cdffd1c16ac2b.
INFO: [Common 17-206] Exiting Vivado at Mon Mar 18 00:17:21 2024...
